# JRE version: OpenJDK Runtime Environment (8.0_275-b01) (build 1.8.0_275-b01)
# Java VM: OpenJDK 64-Bit Server VM (25.275-b01 mixed mode windows-amd64 compressed oops)
Heap:
 PSYoungGen      total 578048K, used 103651K [0x000000076c000000, 0x00000007abe00000, 0x00000007c0000000)
  eden space 491520K, 3% used [0x000000076c000000,0x000000076d1cb7f8,0x000000078a000000)
  from space 86528K, 98% used [0x000000078a000000,0x000000078f36d7c8,0x000000078f480000)
  to   space 130048K, 0% used [0x00000007a3f00000,0x00000007a3f00000,0x00000007abe00000)
 ParOldGen       total 342016K, used 173671K [0x00000006c4000000, 0x00000006d8e00000, 0x000000076c000000)
  object space 342016K, 50% used [0x00000006c4000000,0x00000006ce999d10,0x00000006d8e00000)
 Metaspace       used 8759K, capacity 8948K, committed 9216K, reserved 1056768K
  class space    used 1151K, capacity 1214K, committed 1280K, reserved 1048576K
GC Heap History (10 events):
Event: 2.078 GC heap before
{Heap before GC invocations=6 (full 0):
 PSYoungGen      total 139776K, used 139744K [0x000000076c000000, 0x000000077f900000, 0x00000007c0000000)
  eden space 129024K, 100% used [0x000000076c000000,0x0000000773e00000,0x0000000773e00000)
  from space 10752K, 99% used [0x0000000773e00000,0x0000000774878050,0x0000000774880000)
  to   space 31232K, 0% used [0x000000077da80000,0x000000077da80000,0x000000077f900000)
 ParOldGen       total 172032K, used 33672K [0x00000006c4000000, 0x00000006ce800000, 0x000000076c000000)
  object space 172032K, 19% used [0x00000006c4000000,0x00000006c60e2000,0x00000006ce800000)
 Metaspace       used 8756K, capacity 8948K, committed 9216K, reserved 1056768K
  class space    used 1151K, capacity 1214K, committed 1280K, reserved 1048576K
Event: 2.087 GC heap after
Heap after GC invocations=6 (full 0):
 PSYoungGen      total 286208K, used 11928K [0x000000076c000000, 0x000000077f600000, 0x00000007c0000000)
  eden space 258048K, 0% used [0x000000076c000000,0x000000076c000000,0x000000077bc00000)
  from space 28160K, 42% used [0x000000077da80000,0x000000077e6260d0,0x000000077f600000)
  to   space 29696K, 0% used [0x000000077bc00000,0x000000077bc00000,0x000000077d900000)
 ParOldGen       total 172032K, used 33680K [0x00000006c4000000, 0x00000006ce800000, 0x000000076c000000)
  object space 172032K, 19% used [0x00000006c4000000,0x00000006c60e4000,0x00000006ce800000)
 Metaspace       used 8756K, capacity 8948K, committed 9216K, reserved 1056768K
  class space    used 1151K, capacity 1214K, committed 1280K, reserved 1048576K
}
Event: 3.886 GC heap before
{Heap before GC invocations=7 (full 0):
 PSYoungGen      total 286208K, used 269976K [0x000000076c000000, 0x000000077f600000, 0x00000007c0000000)
  eden space 258048K, 100% used [0x000000076c000000,0x000000077bc00000,0x000000077bc00000)
  from space 28160K, 42% used [0x000000077da80000,0x000000077e6260d0,0x000000077f600000)
  to   space 29696K, 0% used [0x000000077bc00000,0x000000077bc00000,0x000000077d900000)
 ParOldGen       total 172032K, used 33680K [0x00000006c4000000, 0x00000006ce800000, 0x000000076c000000)
  object space 172032K, 19% used [0x00000006c4000000,0x00000006c60e4000,0x00000006ce800000)
 Metaspace       used 8759K, capacity 8948K, committed 9216K, reserved 1056768K
  class space    used 1151K, capacity 1214K, committed 1280K, reserved 1048576K
Event: 3.927 GC heap after
Heap after GC invocations=7 (full 0):
 PSYoungGen      total 287744K, used 29664K [0x000000076c000000, 0x0000000793100000, 0x00000007c0000000)
  eden space 258048K, 0% used [0x000000076c000000,0x000000076c000000,0x000000077bc00000)
  from space 29696K, 99% used [0x000000077bc00000,0x000000077d8f8050,0x000000077d900000)
  to   space 61952K, 0% used [0x000000078f480000,0x000000078f480000,0x0000000793100000)
 ParOldGen       total 172032K, used 86886K [0x00000006c4000000, 0x00000006ce800000, 0x000000076c000000)
  object space 172032K, 50% used [0x00000006c4000000,0x00000006c94d9b10,0x00000006ce800000)
 Metaspace       used 8759K, capacity 8948K, committed 9216K, reserved 1056768K
  class space    used 1151K, capacity 1214K, committed 1280K, reserved 1048576K
}
Event: 4.263 GC heap before
{Heap before GC invocations=8 (full 0):
 PSYoungGen      total 287744K, used 287712K [0x000000076c000000, 0x0000000793100000, 0x00000007c0000000)
  eden space 258048K, 100% used [0x000000076c000000,0x000000077bc00000,0x000000077bc00000)
  from space 29696K, 99% used [0x000000077bc00000,0x000000077d8f8050,0x000000077d900000)
  to   space 61952K, 0% used [0x000000078f480000,0x000000078f480000,0x0000000793100000)
 ParOldGen       total 172032K, used 86886K [0x00000006c4000000, 0x00000006ce800000, 0x000000076c000000)
  object space 172032K, 50% used [0x00000006c4000000,0x00000006c94d9b10,0x00000006ce800000)
 Metaspace       used 8759K, capacity 8948K, committed 9216K, reserved 1056768K
  class space    used 1151K, capacity 1214K, committed 1280K, reserved 1048576K
Event: 4.378 GC heap after
Heap after GC invocations=8 (full 0):
 PSYoungGen      total 553472K, used 61920K [0x000000076c000000, 0x0000000796100000, 0x00000007c0000000)
  eden space 491520K, 0% used [0x000000076c000000,0x000000076c000000,0x000000078a000000)
  from space 61952K, 99% used [0x000000078f480000,0x00000007930f8040,0x0000000793100000)
  to   space 86528K, 0% used [0x000000078a000000,0x000000078a000000,0x000000078f480000)
 ParOldGen       total 172032K, used 116542K [0x00000006c4000000, 0x00000006ce800000, 0x000000076c000000)
  object space 172032K, 67% used [0x00000006c4000000,0x00000006cb1cfb10,0x00000006ce800000)
 Metaspace       used 8759K, capacity 8948K, committed 9216K, reserved 1056768K
  class space    used 1151K, capacity 1214K, committed 1280K, reserved 1048576K
}
Event: 5.147 GC heap before
{Heap before GC invocations=9 (full 0):
 PSYoungGen      total 553472K, used 553440K [0x000000076c000000, 0x0000000796100000, 0x00000007c0000000)
  eden space 491520K, 100% used [0x000000076c000000,0x000000078a000000,0x000000078a000000)
  from space 61952K, 99% used [0x000000078f480000,0x00000007930f8040,0x0000000793100000)
  to   space 86528K, 0% used [0x000000078a000000,0x000000078a000000,0x000000078f480000)
 ParOldGen       total 172032K, used 116542K [0x00000006c4000000, 0x00000006ce800000, 0x000000076c000000)
  object space 172032K, 67% used [0x00000006c4000000,0x00000006cb1cfb10,0x00000006ce800000)
 Metaspace       used 8759K, capacity 8948K, committed 9216K, reserved 1056768K
  class space    used 1151K, capacity 1214K, committed 1280K, reserved 1048576K
Event: 5.376 GC heap after
Heap after GC invocations=9 (full 0):
 PSYoungGen      total 578048K, used 86496K [0x000000076c000000, 0x00000007abe00000, 0x00000007c0000000)
  eden space 491520K, 0% used [0x000000076c000000,0x000000076c000000,0x000000078a000000)
  from space 86528K, 99% used [0x000000078a000000,0x000000078f478040,0x000000078f480000)
  to   space 130048K, 0% used [0x00000007a3f00000,0x00000007a3f00000,0x00000007abe00000)
 ParOldGen       total 185344K, used 185230K [0x00000006c4000000, 0x00000006cf500000, 0x000000076c000000)
  object space 185344K, 99% used [0x00000006c4000000,0x00000006cf4e3b10,0x00000006cf500000)
 Metaspace       used 8759K, capacity 8948K, committed 9216K, reserved 1056768K
  class space    used 1151K, capacity 1214K, committed 1280K, reserved 1048576K
}
Event: 5.376 GC heap before
{Heap before GC invocations=10 (full 1):
 PSYoungGen      total 578048K, used 86496K [0x000000076c000000, 0x00000007abe00000, 0x00000007c0000000)
  eden space 491520K, 0% used [0x000000076c000000,0x000000076c000000,0x000000078a000000)
  from space 86528K, 99% used [0x000000078a000000,0x000000078f478040,0x000000078f480000)
  to   space 130048K, 0% used [0x00000007a3f00000,0x00000007a3f00000,0x00000007abe00000)
 ParOldGen       total 185344K, used 185230K [0x00000006c4000000, 0x00000006cf500000, 0x000000076c000000)
  object space 185344K, 99% used [0x00000006c4000000,0x00000006cf4e3b10,0x00000006cf500000)
 Metaspace       used 8759K, capacity 8948K, committed 9216K, reserved 1056768K
  class space    used 1151K, capacity 1214K, committed 1280K, reserved 1048576K
Event: 7.068 GC heap after
Heap after GC invocations=10 (full 1):
 PSYoungGen      total 578048K, used 85429K [0x000000076c000000, 0x00000007abe00000, 0x00000007c0000000)
  eden space 491520K, 0% used [0x000000076c000000,0x000000076c000000,0x000000078a000000)
  from space 86528K, 98% used [0x000000078a000000,0x000000078f36d7c8,0x000000078f480000)
  to   space 130048K, 0% used [0x00000007a3f00000,0x00000007a3f00000,0x00000007abe00000)
 ParOldGen       total 342016K, used 173671K [0x00000006c4000000, 0x00000006d8e00000, 0x000000076c000000)
  object space 342016K, 50% used [0x00000006c4000000,0x00000006ce999d10,0x00000006d8e00000)
 Metaspace       used 8759K, capacity 8948K, committed 9216K, reserved 1056768K
  class space    used 1151K, capacity 1214K, committed 1280K, reserved 1048576K
}

