<?xml version="1.0" encoding="UTF-8"?>
<testsuite xmlns:xsi="http://www.w3.org/2001/XMLSchema-instance" xsi:noNamespaceSchemaLocation="https://maven.apache.org/surefire/maven-surefire-plugin/xsd/surefire-test-report.xsd" name="OperatorsTests" time="0.089" tests="9" errors="0" skipped="0" failures="0">
  <properties>
[...]
</properties>
  <testcase name="inclusive" classname="OperatorsTests" time="0.027"/>
  <testcase name="incdec" classname="OperatorsTests" time="0.004"/>
  <testcase name="arithmetic" classname="OperatorsTests" time="0.007"/>
  <testcase name="relational" classname="OperatorsTests" time="0.019"/>
  <testcase name="bitwise" classname="OperatorsTests" time="0.004"/>
  <testcase name="unary" classname="OperatorsTests" time="0.006"/>
  <testcase name="logical" classname="OperatorsTests" time="0.003"/>
  <testcase name="conditional" classname="OperatorsTests" time="0.009"/>
  <testcase name="setwise" classname="OperatorsTests" time="0.005"/>
</testsuite>