<?xml version="1.0" encoding="UTF-8"?>
<testsuite xmlns:xsi="http://www.w3.org/2001/XMLSchema-instance" xsi:noNamespaceSchemaLocation="https://maven.apache.org/surefire/maven-surefire-plugin/xsd/surefire-test-report.xsd" name="ValuesTests" time="0.03" tests="8" errors="0" skipped="0" failures="0">
  <properties>
[...]
</properties>
  <testcase name="_float" classname="ValuesTests" time="0"/>
  <testcase name="string" classname="ValuesTests" time="0.001"/>
  <testcase name="set" classname="ValuesTests" time="0.007"/>
  <testcase name="bool" classname="ValuesTests" time="0.001"/>
  <testcase name="list" classname="ValuesTests" time="0.007"/>
  <testcase name="array" classname="ValuesTests" time="0.006"/>
  <testcase name="structure" classname="ValuesTests" time="0.006"/>
  <testcase name="integer" classname="ValuesTests" time="0.001"/>
</testsuite>